#
# There is insufficient memory for the Java Runtime Environment to continue.
# Native memory allocation (malloc) failed to allocate 1023296 bytes for Chunk::new
# Possible reasons:
#   The system is out of physical RAM or swap space
#   The process is running with CompressedOops enabled, and the Java Heap may be blocking the growth of the native heap
# Possible solutions:
#   Reduce memory load on the system
#   Increase physical memory or swap space
#   Check if swap backing store is full
#   Decrease Java heap size (-Xmx/-Xms)
#   Decrease number of Java threads
#   Decrease Java thread stack sizes (-Xss)
#   Set larger code cache with -XX:ReservedCodeCacheSize=
#   JVM is running with Unscaled Compressed Oops mode in which the Java heap is
#     placed in the first 4GB address space. The Java Heap base address is the
#     maximum limit for the native heap growth. Please use -XX:HeapBaseMinAddress
#     to set the Java Heap base and to place the Java Heap above 4GB virtual address.
# This output file may be truncated or incomplete.
#
#  Out of Memory Error (allocation.cpp:389), pid=1512, tid=0x0000000000002d6c
#
# JRE version: Java(TM) SE Runtime Environment (8.0_211-b12) (build 1.8.0_211-b12)
# Java VM: Java HotSpot(TM) 64-Bit Server VM (25.211-b12 mixed mode windows-amd64 compressed oops)
# Failed to write core dump. Minidumps are not enabled by default on client versions of Windows
#

---------------  T H R E A D  ---------------

Current thread (0x0000000015dbf000):  JavaThread "C2 CompilerThread0" daemon [_thread_in_native, id=11628, stack(0x0000000016690000,0x0000000016790000)]

Stack: [0x0000000016690000,0x0000000016790000]
[error occurred during error reporting (printing stack bounds), id 0xc0000005]

Native frames: (J=compiled Java code, j=interpreted, Vv=VM code, C=native code)


Current CompileTask:
C2:3733277 18295       4       org.gradle.api.internal.artifacts.transform.AttributeMatchingVariantSelector::doSelect (422 bytes)


---------------  P R O C E S S  ---------------

Java Threads: ( => current thread )
  0x000000001792b800 JavaThread "ForkJoinPool.commonPool-worker-7" daemon [_thread_blocked, id=15164, stack(0x000000002a430000,0x000000002a530000)]
  0x0000000017928800 JavaThread "ForkJoinPool.commonPool-worker-6" daemon [_thread_blocked, id=5816, stack(0x000000002a330000,0x000000002a430000)]
  0x0000000017927000 JavaThread "ForkJoinPool.commonPool-worker-5" daemon [_thread_blocked, id=5612, stack(0x000000002a230000,0x000000002a330000)]
  0x000000001791e800 JavaThread "ForkJoinPool.commonPool-worker-4" daemon [_thread_blocked, id=12716, stack(0x000000002a130000,0x000000002a230000)]
  0x0000000017922800 JavaThread "ForkJoinPool.commonPool-worker-3" daemon [_thread_blocked, id=12572, stack(0x000000002a030000,0x000000002a130000)]
  0x0000000017925800 JavaThread "ForkJoinPool.commonPool-worker-2" daemon [_thread_blocked, id=14152, stack(0x0000000029f30000,0x000000002a030000)]
  0x0000000017921000 JavaThread "ForkJoinPool.commonPool-worker-1" daemon [_thread_blocked, id=12116, stack(0x0000000029e30000,0x0000000029f30000)]
  0x0000000017923800 JavaThread "Cache worker for Java compile cache (H:\AwesomeProject\android\.gradle\6.2\javaCompile)" [_thread_blocked, id=5388, stack(0x0000000027310000,0x0000000027410000)]
  0x000000001791e000 JavaThread "Cache worker for Java compile cache (C:\Users\Ken Buu\.gradle\caches\6.2\javaCompile)" [_thread_blocked, id=15356, stack(0x00000000270d0000,0x00000000271d0000)]
  0x0000000016068000 JavaThread "stdout" [_thread_in_native, id=14656, stack(0x0000000028760000,0x0000000028860000)]
  0x0000000016067800 JavaThread "stderr" [_thread_in_native, id=6440, stack(0x0000000028660000,0x0000000028760000)]
  0x0000000016066800 JavaThread "stdout" [_thread_in_native, id=16144, stack(0x0000000028560000,0x0000000028660000)]
  0x0000000016066000 JavaThread "stderr" [_thread_in_native, id=15828, stack(0x0000000028460000,0x0000000028560000)]
  0x000000001605e800 JavaThread "stdout" [_thread_in_native, id=3240, stack(0x0000000028360000,0x0000000028460000)]
  0x0000000016064800 JavaThread "stderr" [_thread_in_native, id=15848, stack(0x0000000028260000,0x0000000028360000)]
  0x0000000016065000 JavaThread "stdout" [_thread_in_native, id=6300, stack(0x0000000028160000,0x0000000028260000)]
  0x0000000016063800 JavaThread "stderr" [_thread_in_native, id=13940, stack(0x0000000028060000,0x0000000028160000)]
  0x0000000016063000 JavaThread "stdout" [_thread_in_native, id=12356, stack(0x0000000027f60000,0x0000000028060000)]
  0x000000001605b000 JavaThread "stderr" [_thread_in_native, id=16368, stack(0x0000000027e60000,0x0000000027f60000)]
  0x0000000016062000 JavaThread "stdout" [_thread_in_native, id=13696, stack(0x0000000027d60000,0x0000000027e60000)]
  0x000000001605c000 JavaThread "stderr" [_thread_in_native, id=2316, stack(0x0000000027c60000,0x0000000027d60000)]
  0x000000001605a800 JavaThread "stdout" [_thread_in_native, id=11648, stack(0x0000000027b60000,0x0000000027c60000)]
  0x0000000016061800 JavaThread "stderr" [_thread_in_native, id=3212, stack(0x0000000027210000,0x0000000027310000)]
  0x000000001605f000 JavaThread "pool-7-thread-1" [_thread_blocked, id=5048, stack(0x0000000027a60000,0x0000000027b60000)]
  0x0000000016060800 JavaThread "WorkerExecutor Queue Thread 8" [_thread_blocked, id=11804, stack(0x0000000027760000,0x0000000027860000)]
  0x0000000016059800 JavaThread "WorkerExecutor Queue Thread 7" [_thread_blocked, id=15988, stack(0x0000000027660000,0x0000000027760000)]
  0x0000000016059000 JavaThread "WorkerExecutor Queue Thread 6" [_thread_blocked, id=7384, stack(0x0000000027560000,0x0000000027660000)]
  0x000000001605d000 JavaThread "WorkerExecutor Queue Thread 5" [_thread_blocked, id=15556, stack(0x0000000026fd0000,0x00000000270d0000)]
  0x0000000018737800 JavaThread "WorkerExecutor Queue Thread 4" [_thread_in_Java, id=14156, stack(0x0000000025860000,0x0000000025960000)]
  0x0000000018737000 JavaThread "WorkerExecutor Queue Thread 3" [_thread_blocked, id=8508, stack(0x0000000025620000,0x0000000025720000)]
  0x000000001779c000 JavaThread "WorkerExecutor Queue Thread 2" [_thread_blocked, id=14960, stack(0x0000000025520000,0x0000000025620000)]
  0x000000001779b800 JavaThread "WorkerExecutor Queue" [_thread_blocked, id=8820, stack(0x0000000025420000,0x0000000025520000)]
  0x000000001779a800 JavaThread "Cache worker for execution history cache (H:\AwesomeProject\android\.gradle\6.2\executionHistory)" [_thread_in_native, id=13812, stack(0x0000000025120000,0x0000000025220000)]
  0x0000000017799000 JavaThread "Execution worker for ':' Thread 7" [_thread_blocked, id=13116, stack(0x0000000025020000,0x0000000025120000)]
  0x0000000017797800 JavaThread "Execution worker for ':' Thread 6" [_thread_blocked, id=12296, stack(0x0000000024f20000,0x0000000025020000)]
  0x0000000017796000 JavaThread "Execution worker for ':' Thread 5" [_thread_blocked, id=12696, stack(0x0000000024e20000,0x0000000024f20000)]
  0x000000001778e800 JavaThread "Execution worker for ':' Thread 4" [_thread_blocked, id=11564, stack(0x0000000024d20000,0x0000000024e20000)]
  0x0000000017791800 JavaThread "Execution worker for ':' Thread 3" [_thread_blocked, id=13448, stack(0x0000000024c20000,0x0000000024d20000)]
  0x0000000017791000 JavaThread "Execution worker for ':' Thread 2" [_thread_blocked, id=5572, stack(0x0000000024b20000,0x0000000024c20000)]
  0x0000000017795800 JavaThread "Execution worker for ':'" [_thread_blocked, id=8556, stack(0x0000000024a20000,0x0000000024b20000)]
  0x000000001778e000 JavaThread "Cache worker for file content cache (H:\AwesomeProject\android\.gradle\6.2\fileContent)" [_thread_blocked, id=3332, stack(0x0000000000a40000,0x0000000000b40000)]
  0x0000000017794800 JavaThread "Cache worker for Build Output Cleanup Cache (H:\AwesomeProject\android\.gradle\buildOutputCleanup)" [_thread_blocked, id=5400, stack(0x0000000024720000,0x0000000024820000)]
  0x0000000017794000 JavaThread "pool-6-thread-1" [_thread_blocked, id=12452, stack(0x0000000024620000,0x0000000024720000)]
  0x0000000017793000 JavaThread "Build operations Thread 8" [_thread_blocked, id=3776, stack(0x0000000024520000,0x0000000024620000)]
  0x0000000017792800 JavaThread "Build operations Thread 7" [_thread_blocked, id=15040, stack(0x0000000024420000,0x0000000024520000)]
  0x00000000181e5800 JavaThread "Build operations Thread 6" [_thread_blocked, id=11260, stack(0x0000000023d20000,0x0000000023e20000)]
  0x00000000181e5000 JavaThread "Build operations Thread 5" [_thread_blocked, id=11516, stack(0x00000000233e0000,0x00000000234e0000)]
  0x00000000181e6800 JavaThread "Build operations Thread 4" [_thread_blocked, id=11480, stack(0x0000000022880000,0x0000000022980000)]
  0x00000000181e4000 JavaThread "Build operations Thread 3" [_thread_blocked, id=14552, stack(0x0000000022780000,0x0000000022880000)]
  0x00000000181e3800 JavaThread "Build operations Thread 2" [_thread_blocked, id=8332, stack(0x0000000021d10000,0x0000000021e10000)]
  0x00000000181dc000 JavaThread "Build operations" [_thread_blocked, id=14188, stack(0x0000000020c60000,0x0000000020d60000)]
  0x00000000181e2800 JavaThread "Cache worker for cache directory md-rule (C:\Users\Ken Buu\.gradle\caches\6.2\md-rule)" [_thread_blocked, id=8528, stack(0x0000000020960000,0x0000000020a60000)]
  0x00000000181e2000 JavaThread "Cache worker for cache directory md-supplier (C:\Users\Ken Buu\.gradle\caches\6.2\md-supplier)" [_thread_blocked, id=12412, stack(0x0000000020860000,0x0000000020960000)]
  0x00000000181e0800 JavaThread "Cache worker for file hash cache (H:\AwesomeProject\android\.gradle\6.2\fileHashes)" [_thread_blocked, id=7364, stack(0x0000000020760000,0x0000000020860000)]
  0x00000000181df800 JavaThread "Cache worker for checksums cache (H:\AwesomeProject\android\.gradle\checksums)" [_thread_blocked, id=5276, stack(0x000000001fe10000,0x000000001ff10000)]
  0x00000000181d9000 JavaThread "Thread-137" [_thread_blocked, id=14892, stack(0x000000001eb30000,0x000000001ec30000)]
  0x00000000181de000 JavaThread "Stdin handler" [_thread_blocked, id=15388, stack(0x000000001d350000,0x000000001d450000)]
  0x00000000181db000 JavaThread "Asynchronous log dispatcher for DefaultDaemonConnection: socket connection from /127.0.0.1:50060 to /127.0.0.1:52295" [_thread_blocked, id=6896, stack(0x000000001d050000,0x000000001d150000)]
  0x00000000181da800 JavaThread "Daemon worker Thread 5" [_thread_in_native, id=14816, stack(0x000000001a1b0000,0x000000001a2b0000)]
  0x00000000181df000 JavaThread "Cancel handler" [_thread_blocked, id=14044, stack(0x000000001a0b0000,0x000000001a1b0000)]
  0x00000000181d7800 JavaThread "Handler for socket connection from /127.0.0.1:50060 to /127.0.0.1:52295" [_thread_in_native, id=7856, stack(0x0000000019db0000,0x0000000019eb0000)]
  0x00000000181dc800 JavaThread "Daemon Thread 5" [_thread_blocked, id=3748, stack(0x0000000000b40000,0x0000000000c40000)]
  0x0000000017797000 JavaThread "AWT-Windows" daemon [_thread_in_native, id=12268, stack(0x0000000023e20000,0x0000000023f20000)]
  0x0000000017798800 JavaThread "Java2D Disposer" daemon [_thread_blocked, id=14984, stack(0x0000000023c20000,0x0000000023d20000)]
  0x000000001779a000 JavaThread "Device List Monitor" [_thread_in_native, id=15344, stack(0x00000000237e0000,0x00000000238e0000)]
  0x000000001778f800 JavaThread "Monitor" [_thread_in_native, id=3560, stack(0x0000000023920000,0x0000000023a20000)]
  0x000000001778d000 JavaThread "Cache worker for file content cache (C:\Users\Ken Buu\.gradle\caches\6.2\fileContent)" [_thread_blocked, id=5596, stack(0x0000000022680000,0x0000000022780000)]
  0x00000000181e1000 JavaThread "Memory manager" [_thread_blocked, id=15312, stack(0x0000000021c10000,0x0000000021d10000)]
  0x00000000181dd800 JavaThread "Cache worker for execution history cache (C:\Users\Ken Buu\.gradle\caches\6.2\executionHistory)" [_thread_blocked, id=15992, stack(0x000000001d450000,0x000000001d550000)]
  0x0000000018736000 JavaThread "Cache worker for file hash cache (C:\Users\Ken Buu\.gradle\caches\6.2\fileHashes)" [_thread_blocked, id=2920, stack(0x000000001abb0000,0x000000001acb0000)]
  0x0000000018739000 JavaThread "File lock request listener" [_thread_in_native, id=3032, stack(0x000000001aab0000,0x000000001abb0000)]
  0x0000000018738800 JavaThread "Cache worker for journal cache (C:\Users\Ken Buu\.gradle\caches\journal-1)" [_thread_blocked, id=16148, stack(0x000000001a9b0000,0x000000001aab0000)]
  0x0000000017ab6800 JavaThread "Daemon periodic checks" [_thread_blocked, id=13900, stack(0x0000000019cb0000,0x0000000019db0000)]
  0x00000000185ec800 JavaThread "Incoming local TCP Connector on port 50060" [_thread_in_native, id=13960, stack(0x0000000019a70000,0x0000000019b70000)]
  0x000000001869e800 JavaThread "Daemon health stats" [_thread_blocked, id=13908, stack(0x0000000019430000,0x0000000019530000)]
  0x0000000015e56800 JavaThread "Service Thread" daemon [_thread_blocked, id=2224, stack(0x0000000016a90000,0x0000000016b90000)]
  0x0000000015dd6000 JavaThread "C1 CompilerThread3" daemon [_thread_in_native, id=11464, stack(0x0000000016990000,0x0000000016a90000)]
  0x0000000015dc5800 JavaThread "C2 CompilerThread2" daemon [_thread_in_native, id=11388, stack(0x0000000016890000,0x0000000016990000)]
  0x0000000015dc4800 JavaThread "C2 CompilerThread1" daemon [_thread_in_native, id=12552, stack(0x0000000016790000,0x0000000016890000)]
=>0x0000000015dbf000 JavaThread "C2 CompilerThread0" daemon [_thread_in_native, id=11628, stack(0x0000000016690000,0x0000000016790000)]
  0x0000000015db9000 JavaThread "Attach Listener" daemon [_thread_blocked, id=13112, stack(0x0000000016590000,0x0000000016690000)]
  0x0000000015db8000 JavaThread "Signal Dispatcher" daemon [_thread_blocked, id=13020, stack(0x0000000016490000,0x0000000016590000)]
  0x0000000015db1800 JavaThread "Finalizer" daemon [_thread_blocked, id=12984, stack(0x0000000016290000,0x0000000016390000)]
  0x0000000015db0800 JavaThread "Reference Handler" daemon [_thread_blocked, id=11796, stack(0x0000000016190000,0x0000000016290000)]
  0x00000000026fe800 JavaThread "main" [_thread_blocked, id=1760, stack(0x0000000002560000,0x0000000002660000)]

Other Threads:
  0x0000000013fba000 VMThread [stack: 0x0000000015c90000,0x0000000015d90000] [id=2064]
  0x0000000015e79000 WatcherThread [stack: 0x0000000016b90000,0x0000000016c90000] [id=2612]

VM state:not at safepoint (normal execution)

VM Mutex/Monitor currently owned by a thread: None

OutOfMemory and StackOverflow Exception counts:
OutOfMemoryError java_heap_errors=1

heap address: 0x00000000e0000000, size: 512 MB, Compressed Oops mode: 32-bit
Narrow klass base: 0x0000000000000000, Narrow klass shift: 3
Compressed class space size: 1073741824 Address: 0x0000000100000000

Heap:
 PSYoungGen      total 105472K, used 52500K [0x00000000f5580000, 0x00000000ffd00000, 0x0000000100000000)
  eden space 86528K, 38% used [0x00000000f5580000,0x00000000f764eb60,0x00000000faa00000)
  from space 18944K, 99% used [0x00000000faa00000,0x00000000fbc764e8,0x00000000fbc80000)
  to   space 42496K, 0% used [0x00000000fd380000,0x00000000fd380000,0x00000000ffd00000)
 ParOldGen       total 287232K, used 93001K [0x00000000e0000000, 0x00000000f1880000, 0x00000000f5580000)
  object space 287232K, 32% used [0x00000000e0000000,0x00000000e5ad24e0,0x00000000f1880000)
 Metaspace       used 109957K, capacity 115936K, committed 116544K, reserved 1150976K
  class space    used 14341K, capacity 15567K, committed 15744K, reserved 1048576K

Card table byte_map: [0x0000000011bc0000,0x0000000011cd0000] byte_map_base: 0x00000000114c0000

Marking Bits: (ParMarkBitMap*) 0x000000005e3c5ce0
 Begin Bits: [0x00000000124d0000, 0x0000000012cd0000)
 End Bits:   [0x0000000012cd0000, 0x00000000134d0000)

Polling page: 0x00000000003f0000

CodeCache: size=245760Kb used=50958Kb max_used=52491Kb free=194801Kb
 bounds [0x0000000002800000, 0x0000000005c10000, 0x0000000011800000]
 total_blobs=15996 nmethods=15060 adapters=845
 compilation: enabled

Compilation events (10 events):
Event: 3733.265 Thread 0x0000000015dd6000 nmethod 18535 0x00000000054b9150 code [0x00000000054b92a0, 0x00000000054b93b0]
Event: 3733.268 Thread 0x0000000015dd6000 18536       3       com.android.tools.build.apkzlib.zip.InflaterByteSource::<init> (10 bytes)
Event: 3733.268 Thread 0x0000000015dd6000 nmethod 18536 0x00000000053da290 code [0x00000000053da400, 0x00000000053da690]
Event: 3733.272 Thread 0x0000000015dd6000 18538       3       com.android.tools.build.apkzlib.zip.ZipField::skip (73 bytes)
Event: 3733.273 Thread 0x0000000015dd6000 nmethod 18538 0x0000000005409ed0 code [0x000000000540a0e0, 0x000000000540ab88]
Event: 3733.273 Thread 0x0000000015dd6000 18539       3       com.android.tools.build.apkzlib.zip.GPFlags::<init> (48 bytes)
Event: 3733.274 Thread 0x0000000015dd6000 nmethod 18539 0x0000000005450990 code [0x0000000005450b00, 0x0000000005450db0]
Event: 3733.274 Thread 0x0000000015dd6000 18540       3       com.android.tools.build.apkzlib.zip.CompressionMethod::values (10 bytes)
Event: 3733.274 Thread 0x0000000015dd6000 nmethod 18540 0x0000000005507790 code [0x0000000005507900, 0x0000000005507be8]
Event: 3733.274 Thread 0x0000000015dd6000 18541       3       com.android.tools.build.apkzlib.zip.ZFile::makeVerifyLog (23 bytes)

GC Heap History (10 events):
Event: 3729.012 GC heap before
{Heap before GC invocations=25 (full 4):
 PSYoungGen      total 131584K, used 131574K [0x00000000f5580000, 0x0000000100000000, 0x0000000100000000)
  eden space 99840K, 100% used [0x00000000f5580000,0x00000000fb700000,0x00000000fb700000)
  from space 31744K, 99% used [0x00000000fe100000,0x00000000ffffdbc8,0x0000000100000000)
  to   space 37376K, 0% used [0x00000000fb700000,0x00000000fb700000,0x00000000fdb80000)
 ParOldGen       total 287232K, used 61575K [0x00000000e0000000, 0x00000000f1880000, 0x00000000f5580000)
  object space 287232K, 21% used [0x00000000e0000000,0x00000000e3c21e20,0x00000000f1880000)
 Metaspace       used 105844K, capacity 111440K, committed 112576K, reserved 1146880K
  class space    used 13885K, capacity 15041K, committed 15360K, reserved 1048576K
Event: 3729.039 GC heap after
Heap after GC invocations=25 (full 4):
 PSYoungGen      total 128000K, used 27919K [0x00000000f5580000, 0x0000000100000000, 0x0000000100000000)
  eden space 99840K, 0% used [0x00000000f5580000,0x00000000f5580000,0x00000000fb700000)
  from space 28160K, 99% used [0x00000000fb700000,0x00000000fd243e48,0x00000000fd280000)
  to   space 38912K, 0% used [0x00000000fda00000,0x00000000fda00000,0x0000000100000000)
 ParOldGen       total 287232K, used 78117K [0x00000000e0000000, 0x00000000f1880000, 0x00000000f5580000)
  object space 287232K, 27% used [0x00000000e0000000,0x00000000e4c49678,0x00000000f1880000)
 Metaspace       used 105844K, capacity 111440K, committed 112576K, reserved 1146880K
  class space    used 13885K, capacity 15041K, committed 15360K, reserved 1048576K
}
Event: 3731.059 GC heap before
{Heap before GC invocations=26 (full 4):
 PSYoungGen      total 128000K, used 127759K [0x00000000f5580000, 0x0000000100000000, 0x0000000100000000)
  eden space 99840K, 100% used [0x00000000f5580000,0x00000000fb700000,0x00000000fb700000)
  from space 28160K, 99% used [0x00000000fb700000,0x00000000fd243e48,0x00000000fd280000)
  to   space 38912K, 0% used [0x00000000fda00000,0x00000000fda00000,0x0000000100000000)
 ParOldGen       total 287232K, used 78117K [0x00000000e0000000, 0x00000000f1880000, 0x00000000f5580000)
  object space 287232K, 27% used [0x00000000e0000000,0x00000000e4c49678,0x00000000f1880000)
 Metaspace       used 107210K, capacity 112940K, committed 113728K, reserved 1146880K
  class space    used 14019K, capacity 15205K, committed 15488K, reserved 1048576K
Event: 3731.082 GC heap after
Heap after GC invocations=26 (full 4):
 PSYoungGen      total 131584K, used 29738K [0x00000000f5580000, 0x0000000100000000, 0x0000000100000000)
  eden space 92672K, 0% used [0x00000000f5580000,0x00000000f5580000,0x00000000fb000000)
  from space 38912K, 76% used [0x00000000fda00000,0x00000000ff70aa70,0x0000000100000000)
  to   space 40960K, 0% used [0x00000000fb000000,0x00000000fb000000,0x00000000fd800000)
 ParOldGen       total 287232K, used 78125K [0x00000000e0000000, 0x00000000f1880000, 0x00000000f5580000)
  object space 287232K, 27% used [0x00000000e0000000,0x00000000e4c4b678,0x00000000f1880000)
 Metaspace       used 107210K, capacity 112940K, committed 113728K, reserved 1146880K
  class space    used 14019K, capacity 15205K, committed 15488K, reserved 1048576K
}
Event: 3731.818 GC heap before
{Heap before GC invocations=27 (full 4):
 PSYoungGen      total 131584K, used 122410K [0x00000000f5580000, 0x0000000100000000, 0x0000000100000000)
  eden space 92672K, 100% used [0x00000000f5580000,0x00000000fb000000,0x00000000fb000000)
  from space 38912K, 76% used [0x00000000fda00000,0x00000000ff70aa70,0x0000000100000000)
  to   space 40960K, 0% used [0x00000000fb000000,0x00000000fb000000,0x00000000fd800000)
 ParOldGen       total 287232K, used 78125K [0x00000000e0000000, 0x00000000f1880000, 0x00000000f5580000)
  object space 287232K, 27% used [0x00000000e0000000,0x00000000e4c4b678,0x00000000f1880000)
 Metaspace       used 107389K, capacity 113042K, committed 113984K, reserved 1148928K
  class space    used 14031K, capacity 15238K, committed 15488K, reserved 1048576K
Event: 3731.841 GC heap after
Heap after GC invocations=27 (full 4):
 PSYoungGen      total 127488K, used 34328K [0x00000000f5580000, 0x0000000100000000, 0x0000000100000000)
  eden space 92672K, 0% used [0x00000000f5580000,0x00000000f5580000,0x00000000fb000000)
  from space 34816K, 98% used [0x00000000fb000000,0x00000000fd1860a0,0x00000000fd200000)
  to   space 44032K, 0% used [0x00000000fd500000,0x00000000fd500000,0x0000000100000000)
 ParOldGen       total 287232K, used 78133K [0x00000000e0000000, 0x00000000f1880000, 0x00000000f5580000)
  object space 287232K, 27% used [0x00000000e0000000,0x00000000e4c4d678,0x00000000f1880000)
 Metaspace       used 107389K, capacity 113042K, committed 113984K, reserved 1148928K
  class space    used 14031K, capacity 15238K, committed 15488K, reserved 1048576K
}
Event: 3732.805 GC heap before
{Heap before GC invocations=28 (full 4):
 PSYoungGen      total 127488K, used 126991K [0x00000000f5580000, 0x0000000100000000, 0x0000000100000000)
  eden space 92672K, 99% used [0x00000000f5580000,0x00000000faffdca0,0x00000000fb000000)
  from space 34816K, 98% used [0x00000000fb000000,0x00000000fd1860a0,0x00000000fd200000)
  to   space 44032K, 0% used [0x00000000fd500000,0x00000000fd500000,0x0000000100000000)
 ParOldGen       total 287232K, used 78133K [0x00000000e0000000, 0x00000000f1880000, 0x00000000f5580000)
  object space 287232K, 27% used [0x00000000e0000000,0x00000000e4c4d678,0x00000000f1880000)
 Metaspace       used 108138K, capacity 113904K, committed 114496K, reserved 1148928K
  class space    used 14079K, capacity 15293K, committed 15488K, reserved 1048576K
Event: 3732.834 GC heap after
Heap after GC invocations=28 (full 4):
 PSYoungGen      total 130560K, used 27118K [0x00000000f5580000, 0x0000000100000000, 0x0000000100000000)
  eden space 86528K, 0% used [0x00000000f5580000,0x00000000f5580000,0x00000000faa00000)
  from space 44032K, 61% used [0x00000000fd500000,0x00000000fef7ba78,0x0000000100000000)
  to   space 44032K, 0% used [0x00000000faa00000,0x00000000faa00000,0x00000000fd500000)
 ParOldGen       total 287232K, used 82534K [0x00000000e0000000, 0x00000000f1880000, 0x00000000f5580000)
  object space 287232K, 28% used [0x00000000e0000000,0x00000000e50999f8,0x00000000f1880000)
 Metaspace       used 108138K, capacity 113904K, committed 114496K, reserved 1148928K
  class space    used 14079K, capacity 15293K, committed 15488K, reserved 1048576K
}
Event: 3733.123 GC heap before
{Heap before GC invocations=29 (full 4):
 PSYoungGen      total 130560K, used 113646K [0x00000000f5580000, 0x0000000100000000, 0x0000000100000000)
  eden space 86528K, 100% used [0x00000000f5580000,0x00000000faa00000,0x00000000faa00000)
  from space 44032K, 61% used [0x00000000fd500000,0x00000000fef7ba78,0x0000000100000000)
  to   space 44032K, 0% used [0x00000000faa00000,0x00000000faa00000,0x00000000fd500000)
 ParOldGen       total 287232K, used 82534K [0x00000000e0000000, 0x00000000f1880000, 0x00000000f5580000)
  object space 287232K, 28% used [0x00000000e0000000,0x00000000e50999f8,0x00000000f1880000)
 Metaspace       used 109345K, capacity 115250K, committed 115648K, reserved 1148928K
  class space    used 14255K, capacity 15486K, committed 15616K, reserved 1048576K
Event: 3733.158 GC heap after
Heap after GC invocations=29 (full 4):
 PSYoungGen      total 105472K, used 18905K [0x00000000f5580000, 0x00000000ffd00000, 0x0000000100000000)
  eden space 86528K, 0% used [0x00000000f5580000,0x00000000f5580000,0x00000000faa00000)
  from space 18944K, 99% used [0x00000000faa00000,0x00000000fbc764e8,0x00000000fbc80000)
  to   space 42496K, 0% used [0x00000000fd380000,0x00000000fd380000,0x00000000ffd00000)
 ParOldGen       total 287232K, used 93001K [0x00000000e0000000, 0x00000000f1880000, 0x00000000f5580000)
  object space 287232K, 32% used [0x00000000e0000000,0x00000000e5ad24e0,0x00000000f1880000)
 Metaspace       used 109345K, capacity 115250K, committed 115648K, reserved 1148928K
  class space    used 14255K, capacity 15486K, committed 15616K, reserved 1048576K
}

Deoptimization events (10 events):
Event: 3733.095 Thread 0x00000000181da800 Uncommon trap: reason=class_check action=maybe_recompile pc=0x000000000384759c method=java.util.EnumMap.containsKey(Ljava/lang/Object;)Z @ 13
Event: 3733.095 Thread 0x00000000181da800 Uncommon trap: reason=class_check action=maybe_recompile pc=0x000000000384759c method=java.util.EnumMap.containsKey(Ljava/lang/Object;)Z @ 13
Event: 3733.095 Thread 0x00000000181da800 Uncommon trap: reason=class_check action=maybe_recompile pc=0x000000000384759c method=java.util.EnumMap.containsKey(Ljava/lang/Object;)Z @ 13
Event: 3733.109 Thread 0x00000000181da800 Uncommon trap: reason=bimorphic action=maybe_recompile pc=0x00000000040de128 method=java.util.function.Predicate.lambda$and$0(Ljava/util/function/Predicate;Ljava/lang/Object;)Z @ 2
Event: 3733.109 Thread 0x00000000181da800 Uncommon trap: reason=bimorphic action=maybe_recompile pc=0x00000000040de128 method=java.util.function.Predicate.lambda$and$0(Ljava/util/function/Predicate;Ljava/lang/Object;)Z @ 2
Event: 3733.109 Thread 0x00000000181da800 Uncommon trap: reason=bimorphic action=maybe_recompile pc=0x00000000040de128 method=java.util.function.Predicate.lambda$and$0(Ljava/util/function/Predicate;Ljava/lang/Object;)Z @ 2
Event: 3733.109 Thread 0x00000000181da800 Uncommon trap: reason=bimorphic action=maybe_recompile pc=0x00000000040de128 method=java.util.function.Predicate.lambda$and$0(Ljava/util/function/Predicate;Ljava/lang/Object;)Z @ 2
Event: 3733.167 Thread 0x0000000018737800 Uncommon trap: reason=class_check action=maybe_recompile pc=0x0000000004c60bc4 method=com.google.common.collect.ImmutableMap.copyOf(Ljava/util/Map;)Lcom/google/common/collect/ImmutableMap; @ 49
Event: 3733.175 Thread 0x0000000018737800 Uncommon trap: reason=class_check action=maybe_recompile pc=0x0000000004c60bc4 method=com.google.common.collect.ImmutableMap.copyOf(Ljava/util/Map;)Lcom/google/common/collect/ImmutableMap; @ 49
Event: 3733.183 Thread 0x0000000018737800 Uncommon trap: reason=class_check action=maybe_recompile pc=0x0000000004c60bc4 method=com.google.common.collect.ImmutableMap.copyOf(Ljava/util/Map;)Lcom/google/common/collect/ImmutableMap; @ 49

Classes redefined (0 events):
No events

Internal exceptions (10 events):
Event: 3732.788 Thread 0x0000000017796000 Exception <a 'java/lang/NoSuchMethodError': <clinit>> (0x00000000fad57260) thrown at [C:\re\workspace\8-2-build-windows-amd64-cygwin\jdk8u211\12973\hotspot\src\share\vm\prims\jni.cpp, line 1614]
Event: 3732.842 Thread 0x0000000018737800 Exception <a 'java/lang/NoSuchMethodError': java.lang.Object.lambda$asRunnable$0(Lcom/android/tools/build/apkzlib/utils/IOExceptionRunnable;)V> (0x00000000f58181d8) thrown at [C:\re\workspace\8-2-build-windows-amd64-cygwin\jdk8u211\12973\hotspot\src\share
Event: 3732.866 Thread 0x0000000017922800 Exception <a 'java/lang/NoSuchMethodError': java.lang.Object.lambda$static$0(Ljava/lang/String;)Z> (0x00000000f5933290) thrown at [C:\re\workspace\8-2-build-windows-amd64-cygwin\jdk8u211\12973\hotspot\src\share\vm\interpreter\linkResolver.cpp, line 620]
Event: 3732.934 Thread 0x0000000018737800 Exception <a 'java/lang/NoSuchMethodError': java.lang.Object.newSystemTemporaryDirectory()Lcom/android/tools/build/apkzlib/bytestorage/TemporaryDirectory;> (0x00000000f6aeb1c8) thrown at [C:\re\workspace\8-2-build-windows-amd64-cygwin\jdk8u211\12973\hotsp
Event: 3733.222 Thread 0x0000000017795800 Exception <a 'sun/nio/fs/WindowsException'> (0x00000000f67578d0) thrown at [C:\re\workspace\8-2-build-windows-amd64-cygwin\jdk8u211\12973\hotspot\src\share\vm\prims\jni.cpp, line 710]
Event: 3733.222 Thread 0x0000000017799000 Exception <a 'sun/nio/fs/WindowsException'> (0x00000000f6663f40) thrown at [C:\re\workspace\8-2-build-windows-amd64-cygwin\jdk8u211\12973\hotspot\src\share\vm\prims\jni.cpp, line 710]
Event: 3733.222 Thread 0x0000000017797800 Exception <a 'sun/nio/fs/WindowsException'> (0x00000000f64eed58) thrown at [C:\re\workspace\8-2-build-windows-amd64-cygwin\jdk8u211\12973\hotspot\src\share\vm\prims\jni.cpp, line 710]
Event: 3733.222 Thread 0x00000000181da800 Exception <a 'sun/nio/fs/WindowsException'> (0x00000000f6868e78) thrown at [C:\re\workspace\8-2-build-windows-amd64-cygwin\jdk8u211\12973\hotspot\src\share\vm\prims\jni.cpp, line 710]
Event: 3733.231 Thread 0x0000000017791000 Exception <a 'sun/nio/fs/WindowsException'> (0x00000000f6c0e748) thrown at [C:\re\workspace\8-2-build-windows-amd64-cygwin\jdk8u211\12973\hotspot\src\share\vm\prims\jni.cpp, line 710]
Event: 3733.256 Thread 0x000000001778e800 Exception <a 'java/lang/OutOfMemoryError'> (0x00000000f71f7628) thrown at [C:\re\workspace\8-2-build-windows-amd64-cygwin\jdk8u211\12973\hotspot\src\share\vm\prims\jni.cpp, line 736]

Events (10 events):
Event: 3733.270 loading class com/android/tools/r8/n/a/a/a/g/f0
Event: 3733.270 loading class com/android/tools/r8/n/a/a/a/g/f0 done
Event: 3733.272 loading class com/android/tools/r8/n/a/a/a/c
Event: 3733.272 loading class com/android/tools/r8/n/a/a/a/c done
Event: 3733.273 loading class com/android/tools/r8/n/a/a/a/g/f
Event: 3733.273 loading class com/android/tools/r8/n/a/a/a/g/f done
Event: 3733.274 Thread 0x000000001778e800 DEOPT PACKING pc=0x00000000056f363c sp=0x0000000024e1da50
Event: 3733.274 Thread 0x000000001778e800 DEOPT UNPACKING pc=0x0000000002847890 sp=0x0000000024e1d908 mode 0
Event: 3733.274 loading class com/android/tools/r8/n/a/a/a/g/d
Event: 3733.274 loading class com/android/tools/r8/n/a/a/a/g/d done


Dynamic libraries:
0x00007ff6d4f10000 - 0x00007ff6d4f47000 	C:\Program Files\Java\jdk1.8.0_211\bin\java.exe
0x00007fffdbde0000 - 0x00007fffdbfd0000 	C:\WINDOWS\SYSTEM32\ntdll.dll
0x00007fffdb2f0000 - 0x00007fffdb3a2000 	C:\WINDOWS\System32\KERNEL32.DLL
0x00007fffd8f10000 - 0x00007fffd91b5000 	C:\WINDOWS\System32\KERNELBASE.dll
0x00007fffdb7e0000 - 0x00007fffdb883000 	C:\WINDOWS\System32\ADVAPI32.dll
0x00007fffda900000 - 0x00007fffda99e000 	C:\WINDOWS\System32\msvcrt.dll
0x00007fffda0c0000 - 0x00007fffda157000 	C:\WINDOWS\System32\sechost.dll
0x00007fffdb550000 - 0x00007fffdb66f000 	C:\WINDOWS\System32\RPCRT4.dll
0x00007fffdbac0000 - 0x00007fffdbc54000 	C:\WINDOWS\System32\USER32.dll
0x00007fffd91c0000 - 0x00007fffd91e1000 	C:\WINDOWS\System32\win32u.dll
0x00007fffdb480000 - 0x00007fffdb4a6000 	C:\WINDOWS\System32\GDI32.dll
0x00007fffd9410000 - 0x00007fffd95a8000 	C:\WINDOWS\System32\gdi32full.dll
0x00007fffd9370000 - 0x00007fffd940e000 	C:\WINDOWS\System32\msvcp_win.dll
0x00007fffd8e10000 - 0x00007fffd8f0a000 	C:\WINDOWS\System32\ucrtbase.dll
0x00007fffb75a0000 - 0x00007fffb7824000 	C:\WINDOWS\WinSxS\amd64_microsoft.windows.common-controls_6595b64144ccf1df_6.0.18362.1316_none_9e7a364fe461dbd7\COMCTL32.dll
0x00007fffdafb0000 - 0x00007fffdb2e7000 	C:\WINDOWS\System32\combase.dll
0x00007fffd9600000 - 0x00007fffd9681000 	C:\WINDOWS\System32\bcryptPrimitives.dll
0x00007fffdb4b0000 - 0x00007fffdb4de000 	C:\WINDOWS\System32\IMM32.DLL
0x000000005fd20000 - 0x000000005fdf2000 	C:\Program Files\Java\jdk1.8.0_211\jre\bin\msvcr100.dll
0x000000005dba0000 - 0x000000005e445000 	C:\Program Files\Java\jdk1.8.0_211\jre\bin\server\jvm.dll
0x00007fffda9a0000 - 0x00007fffda9a8000 	C:\WINDOWS\System32\PSAPI.DLL
0x00007fffd7770000 - 0x00007fffd7779000 	C:\WINDOWS\SYSTEM32\WSOCK32.dll
0x00007fffd67a0000 - 0x00007fffd67c4000 	C:\WINDOWS\SYSTEM32\WINMM.dll
0x00007fffdb4e0000 - 0x00007fffdb54f000 	C:\WINDOWS\System32\WS2_32.dll
0x00007fffd3680000 - 0x00007fffd368a000 	C:\WINDOWS\SYSTEM32\VERSION.dll
0x00007fffd6720000 - 0x00007fffd674d000 	C:\WINDOWS\SYSTEM32\WINMMBASE.dll
0x00007fffd95b0000 - 0x00007fffd95fa000 	C:\WINDOWS\System32\cfgmgr32.dll
0x00007fffd38f0000 - 0x00007fffd38ff000 	C:\Program Files\Java\jdk1.8.0_211\jre\bin\verify.dll
0x00007fffaac40000 - 0x00007fffaac69000 	C:\Program Files\Java\jdk1.8.0_211\jre\bin\java.dll
0x00007fffaac20000 - 0x00007fffaac36000 	C:\Program Files\Java\jdk1.8.0_211\jre\bin\zip.dll
0x00007fffda160000 - 0x00007fffda848000 	C:\WINDOWS\System32\SHELL32.dll
0x00007fffdaf00000 - 0x00007fffdafa7000 	C:\WINDOWS\System32\shcore.dll
0x00007fffd9710000 - 0x00007fffd9e8b000 	C:\WINDOWS\System32\windows.storage.dll
0x00007fffd8d30000 - 0x00007fffd8d53000 	C:\WINDOWS\System32\profapi.dll
0x00007fffd8ce0000 - 0x00007fffd8d2a000 	C:\WINDOWS\System32\powrprof.dll
0x00007fffd8c90000 - 0x00007fffd8ca0000 	C:\WINDOWS\System32\UMPDC.dll
0x00007fffdaea0000 - 0x00007fffdaef2000 	C:\WINDOWS\System32\shlwapi.dll
0x00007fffd8cc0000 - 0x00007fffd8cd1000 	C:\WINDOWS\System32\kernel.appcore.dll
0x00007fffd96f0000 - 0x00007fffd9707000 	C:\WINDOWS\System32\cryptsp.dll
0x00007fffaac00000 - 0x00007fffaac1a000 	C:\Program Files\Java\jdk1.8.0_211\jre\bin\net.dll
0x00007fffca940000 - 0x00007fffcab16000 	C:\WINDOWS\SYSTEM32\urlmon.dll
0x00007fffca5a0000 - 0x00007fffca847000 	C:\WINDOWS\SYSTEM32\iertutil.dll
0x00007fffd8640000 - 0x00007fffd864c000 	C:\WINDOWS\SYSTEM32\CRYPTBASE.DLL
0x00007fffd8470000 - 0x00007fffd84d7000 	C:\WINDOWS\system32\mswsock.dll
0x00007fffaabe0000 - 0x00007fffaabf2000 	C:\Program Files\Java\jdk1.8.0_211\jre\bin\nio.dll
0x00007fff9d2b0000 - 0x00007fff9d2da000 	C:\Users\Ken Buu\.gradle\native\36\windows-amd64\native-platform.dll
0x00007fffd2860000 - 0x00007fffd286d000 	C:\Program Files\Java\jdk1.8.0_211\jre\bin\management.dll
0x00007fffd7ff0000 - 0x00007fffd8023000 	C:\WINDOWS\system32\rsaenh.dll
0x00007fffd9340000 - 0x00007fffd9366000 	C:\WINDOWS\System32\bcrypt.dll
0x00007fffd8b70000 - 0x00007fffd8b95000 	C:\WINDOWS\SYSTEM32\USERENV.dll
0x00007fffd8180000 - 0x00007fffd81ba000 	C:\WINDOWS\SYSTEM32\IPHLPAPI.DLL
0x00007fffda0b0000 - 0x00007fffda0b8000 	C:\WINDOWS\System32\NSI.dll
0x00007fffd09c0000 - 0x00007fffd09d6000 	C:\WINDOWS\SYSTEM32\dhcpcsvc6.DLL
0x00007fffd0560000 - 0x00007fffd057c000 	C:\WINDOWS\SYSTEM32\dhcpcsvc.DLL
0x00007fffd81c0000 - 0x00007fffd828b000 	C:\WINDOWS\SYSTEM32\DNSAPI.dll
0x00007fff88ae0000 - 0x00007fff88c79000 	C:\Program Files\Java\jdk1.8.0_211\jre\bin\awt.dll
0x00007fffdb3b0000 - 0x00007fffdb475000 	C:\WINDOWS\System32\OLEAUT32.dll
0x00007fffd6b00000 - 0x00007fffd6b8f000 	C:\WINDOWS\SYSTEM32\apphelp.dll
0x00007fffd6c00000 - 0x00007fffd6c99000 	C:\WINDOWS\system32\uxtheme.dll
0x00007fffdbc60000 - 0x00007fffdbd95000 	C:\WINDOWS\System32\MSCTF.dll
0x00007fffdb960000 - 0x00007fffdbab7000 	C:\WINDOWS\System32\ole32.dll
0x00007fffceb40000 - 0x00007fffceb64000 	C:\Program Files\Java\jdk1.8.0_211\jre\bin\sunec.dll
0x00007fffd0370000 - 0x00007fffd037a000 	C:\Windows\System32\rasadhlp.dll
0x00007fffd0880000 - 0x00007fffd08f7000 	C:\WINDOWS\System32\fwpuclnt.dll
0x00007fffd3860000 - 0x00007fffd386b000 	C:\Program Files\Java\jdk1.8.0_211\jre\bin\sunmscapi.dll
0x00007fffd91f0000 - 0x00007fffd933a000 	C:\WINDOWS\System32\CRYPT32.dll
0x00007fffd8ca0000 - 0x00007fffd8cb2000 	C:\WINDOWS\System32\MSASN1.dll

VM Arguments:
jvm_args: -XX:MaxMetaspaceSize=256m -XX:+HeapDumpOnOutOfMemoryError -Xms256m -Xmx512m -Dfile.encoding=windows-1252 -Duser.country=US -Duser.language=en -Duser.variant 
java_command: org.gradle.launcher.daemon.bootstrap.GradleDaemon 6.2
java_class_path (initial): C:\Users\Ken Buu\.gradle\wrapper\dists\gradle-6.2-all\dvufqs6kielxeao781pmk5huj\gradle-6.2\lib\gradle-launcher-6.2.jar
Launcher Type: SUN_STANDARD

Environment Variables:
JAVA_HOME=C:\Program Files\Java\jdk1.8.0_211
CLASSPATH=H:\AwesomeProject\android\\gradle\wrapper\gradle-wrapper.jar
USERNAME=Ken Buu
OS=Windows_NT
PROCESSOR_IDENTIFIER=Intel64 Family 6 Model 94 Stepping 3, GenuineIntel



---------------  S Y S T E M  ---------------

OS: Windows 10.0 , 64 bit Build 18362 (10.0.18362.1316)

CPU:total 8 (initial active 8) (4 cores per cpu, 2 threads per core) family 6 model 94 stepping 3, cmov, cx8, fxsr, mmx, sse, sse2, sse3, ssse3, sse4.1, sse4.2, popcnt, avx, avx2, aes, clmul, erms, rtm, 3dnowpref, lzcnt, ht, tsc, tscinvbit, bmi1, bmi2, adx

Memory: 4k page, physical 8278800k(701856k free), swap 12473104k(5868k free)

vm_info: Java HotSpot(TM) 64-Bit Server VM (25.211-b12) for windows-amd64 JRE (1.8.0_211-b12), built on Apr  1 2019 20:53:26 by "java_re" with MS VC++ 10.0 (VS2010)

time: Mon Jan 25 20:57:53 2021
timezone: SE Asia Standard Time
elapsed time: 3733 seconds (0d 1h 2m 13s)

